# JRE version: 7.0_25-b17
# Java VM: Java HotSpot(TM) Client VM (23.25-b01 mixed mode windows-x86 )
Heap
 def new generation   total 4928K, used 1801K [0x04a70000, 0x04fc0000, 0x09fc0000)
  eden space 4416K,  37% used [0x04a70000, 0x04c0d490, 0x04ec0000)
  from space 512K,  29% used [0x04ec0000, 0x04ee5288, 0x04f40000)
  to   space 512K,   0% used [0x04f40000, 0x04f40000, 0x04fc0000)
 tenured generation   total 10944K, used 2976K [0x09fc0000, 0x0aa70000, 0x14a70000)
   the space 10944K,  27% used [0x09fc0000, 0x0a2a8268, 0x0a2a8400, 0x0aa70000)
 compacting perm gen  total 12288K, used 8089K [0x14a70000, 0x15670000, 0x18a70000)
   the space 12288K,  65% used [0x14a70000, 0x15256570, 0x15256600, 0x15670000)
GC Heap History (4 events):
Event: 4.935 GC heap before
{Heap before GC invocations=0 (full 0):
 def new generation   total 4928K, used 4286K [0x04a70000, 0x04fc0000, 0x09fc0000)
  eden space 4416K,  97% used [0x04a70000, 0x04e9f9c8, 0x04ec0000)
  from space 512K,   0% used [0x04ec0000, 0x04ec0000, 0x04f40000)
  to   space 512K,   0% used [0x04f40000, 0x04f40000, 0x04fc0000)
 tenured generation   total 10944K, used 0K [0x09fc0000, 0x0aa70000, 0x14a70000)
   the space 10944K,   0% used [0x09fc0000, 0x09fc0000, 0x09fc0200, 0x0aa70000)
 compacting perm gen  total 12288K, used 7603K [0x14a70000, 0x15670000, 0x18a70000)
   the space 12288K,  61% used [0x14a70000, 0x151dcf40, 0x151dd000, 0x15670000)
No shared spaces configured.
Event: 4.945 GC heap after
Heap after GC invocations=1 (full 0):
 def new generation   total 4928K, used 512K [0x04a70000, 0x04fc0000, 0x09fc0000)
  eden space 4416K,   0% used [0x04a70000, 0x04a70000, 0x04ec0000)
  from space 512K, 100% used [0x04f40000, 0x04fc0000, 0x04fc0000)
  to   space 512K,   0% used [0x04ec0000, 0x04ec0000, 0x04f40000)
 tenured generation   total 10944K, used 1097K [0x09fc0000, 0x0aa70000, 0x14a70000)
   the space 10944K,  10% used [0x09fc0000, 0x0a0d2708, 0x0a0d2800, 0x0aa70000)
 compacting perm gen  total 12288K, used 7603K [0x14a70000, 0x15670000, 0x18a70000)
   the space 12288K,  61% used [0x14a70000, 0x151dcf40, 0x151dd000, 0x15670000)
No shared spaces configured.
}
Event: 9.958 GC heap before
{Heap before GC invocations=1 (full 0):
 def new generation   total 4928K, used 4127K [0x04a70000, 0x04fc0000, 0x09fc0000)
  eden space 4416K,  81% used [0x04a70000, 0x04df7fe8, 0x04ec0000)
  from space 512K, 100% used [0x04f40000, 0x04fc0000, 0x04fc0000)
  to   space 512K,   0% used [0x04ec0000, 0x04ec0000, 0x04f40000)
 tenured generation   total 10944K, used 1097K [0x09fc0000, 0x0aa70000, 0x14a70000)
   the space 10944K,  10% used [0x09fc0000, 0x0a0d2708, 0x0a0d2800, 0x0aa70000)
 compacting perm gen  total 12288K, used 8086K [0x14a70000, 0x15670000, 0x18a70000)
   the space 12288K,  65% used [0x14a70000, 0x15255bc0, 0x15255c00, 0x15670000)
No shared spaces configured.
Event: 9.965 GC heap after
Heap after GC invocations=2 (full 0):
 def new generation   total 4928K, used 148K [0x04a70000, 0x04fc0000, 0x09fc0000)
  eden space 4416K,   0% used [0x04a70000, 0x04a70000, 0x04ec0000)
  from space 512K,  29% used [0x04ec0000, 0x04ee5288, 0x04f40000)
  to   space 512K,   0% used [0x04f40000, 0x04f40000, 0x04fc0000)
 tenured generation   total 10944K, used 2976K [0x09fc0000, 0x0aa70000, 0x14a70000)
   the space 10944K,  27% used [0x09fc0000, 0x0a2a8268, 0x0a2a8400, 0x0aa70000)
 compacting perm gen  total 12288K, used 8086K [0x14a70000, 0x15670000, 0x18a70000)
   the space 12288K,  65% used [0x14a70000, 0x15255bc0, 0x15255c00, 0x15670000)
No shared spaces configured.
}

